Arguments: 
  /usr/local/bin/node /usr/local/lib/node_modules/yarn/bin/yarn.js install

PATH: 
  /Users/lucas/.yarn/bin:/Users/lucas/.config/yarn/global/node_modules/.bin:/usr/local/bin:/usr/local/sbin:/usr/local/bin:/usr/bin:/bin:/usr/sbin:/sbin:/Library/Apple/usr/bin

Yarn version: 
  1.22.4

Node version: 
  14.15.1

Platform: 
  darwin x64

Trace: 
  SyntaxError: /Users/lucas/Code/whppt/whppt-nuxt/package.json: Unexpected token } in JSON at position 1173
      at JSON.parse (<anonymous>)
      at /usr/local/lib/node_modules/yarn/lib/cli.js:1625:59
      at Generator.next (<anonymous>)
      at step (/usr/local/lib/node_modules/yarn/lib/cli.js:310:30)
      at /usr/local/lib/node_modules/yarn/lib/cli.js:321:13

npm manifest: 
  {
    "name": "@whppt/nuxt",
    "description": "Whppt nuxt module",
    "version": "1.0.36",
    "author": "Svelte Studios (https://www.npmjs.com/settings/svelte-studios/packages)",
    "main": "module.js",
    "scripts": {
      "lint": "eslint --ext .js,.vue --ignore-path .gitignore .",
      "lint --fix": "eslint --ext .js,.vue --ignore-path .gitignore . --fix",
      "test": "echo \"Error: no test specified\" && exit 1"
    },
    "repository": {
      "type": "git",
      "url": "https://github.com/svelte-studios/whppt-nuxt.git"
    },
    "keywords": [],
    "license": "ISC",
    "bugs": {
      "url": "https://github.com/svelte-studios/whppt-nuxt/issues"
    },
    "homepage": "https://github.com/svelte-studios/whppt-nuxt",
    "devDependencies": {
      "@nuxtjs/eslint-config": "^2.0.0",
      "babel-eslint": "^10.0.3",
      "eslint": "^6.7.2",
      "eslint-config-prettier": "^6.7.0",
      "eslint-import-resolver-nuxt": "^0.1.5",
      "eslint-import-resolver-webpack": "^0.12.2",
      "eslint-plugin-import": "^2.19.1",
      "eslint-plugin-nuxt": "^0.5.0",
      "eslint-plugin-prettier": "^3.1.1",
      "glob": "^7.1.6",
      "husky": "^4.2.5",
      "lint-staged": "^10.2.11",
      "prettier": "^1.19.1",
    },
    "dependencies": {
      "@nuxtjs/toast": "^3.3.0",
      "axios": ">=0.21.1",
      "file-type": "^14.2.0",
      "js-cookie": "^2.2.1",
      "lodash": "^4.17.15",
      "slugify": "^1.3.6",
      "tiptap": "^1.27.1",
      "tiptap-extensions": "^1.29.1",
      "v-calendar": "^1.0.0-beta.23",
      "v-tooltip": "^2.0.3",
      "vue": "^2.6.11",
      "vue-advanced-cropper": "^0.16.1",
      "vue-croppa": "^1.3.8",
      "vue-lazyload": "^1.3.3",
      "vuex": "^3.1.2"
    },
    "husky": {
      "hooks": {
        "pre-commit": "lint-staged"
      }
    },
    "lint-staged": {
      "**/*.{js,css,vue}": [
        "prettier --write",
        "eslint --ext .js,.vue --ignore-path .gitignore . --fix"
      ]
    }
  }

yarn manifest: 
  No manifest

Lockfile: 
  No lockfile
